# JRE version: Java(TM) SE Runtime Environment (15.0.2+7) (build 15.0.2+7-27)
# Java VM: Java HotSpot(TM) 64-Bit Server VM (15.0.2+7-27, mixed mode, sharing, tiered, compressed oops, g1 gc, windows-amd64)
GC Precious Log:
 CPUs: 8 total, 8 available
 Memory: 8033M
 Large Page Support: Disabled
 NUMA Support: Disabled
 Compressed Oops: Enabled (32-bit)
 Heap Region Size: 1M
 Heap Min Capacity: 8M
 Heap Initial Capacity: 126M
 Heap Max Capacity: 2010M
 Pre-touch: Disabled
 Parallel Workers: 8
 Concurrent Workers: 2
 Concurrent Refinement Workers: 8
 Periodic GC: Disabled
Heap:
 garbage-first heap   total 92160K, used 37583K [0x0000000082600000, 0x0000000100000000)
  region size 1024K, 5 young (5120K), 1 survivors (1024K)
 Metaspace       used 10473K, capacity 10664K, committed 11008K, reserved 1058816K
  class space    used 1086K, capacity 1170K, committed 1280K, reserved 1048576K
GC Heap History (20 events):
Event: 4.854 GC heap before
{Heap before GC invocations=30 (full 0):
 garbage-first heap   total 75776K, used 34450K [0x0000000082600000, 0x0000000100000000)
  region size 1024K, 4 young (4096K), 1 survivors (1024K)
 Metaspace       used 10428K, capacity 10600K, committed 10752K, reserved 1058816K
  class space    used 1084K, capacity 1170K, committed 1280K, reserved 1048576K
}
Event: 4.855 GC heap after
{Heap after GC invocations=31 (full 0):
 garbage-first heap   total 75776K, used 24208K [0x0000000082600000, 0x0000000100000000)
  region size 1024K, 1 young (1024K), 1 survivors (1024K)
 Metaspace       used 10428K, capacity 10600K, committed 10752K, reserved 1058816K
  class space    used 1084K, capacity 1170K, committed 1280K, reserved 1048576K
}
Event: 4.874 GC heap before
{Heap before GC invocations=32 (full 0):
 garbage-first heap   total 75776K, used 31376K [0x0000000082600000, 0x0000000100000000)
  region size 1024K, 3 young (3072K), 1 survivors (1024K)
 Metaspace       used 10428K, capacity 10600K, committed 10752K, reserved 1058816K
  class space    used 1084K, capacity 1170K, committed 1280K, reserved 1048576K
}
Event: 4.875 GC heap after
{Heap after GC invocations=33 (full 0):
 garbage-first heap   total 75776K, used 20116K [0x0000000082600000, 0x0000000100000000)
  region size 1024K, 1 young (1024K), 1 survivors (1024K)
 Metaspace       used 10428K, capacity 10600K, committed 10752K, reserved 1058816K
  class space    used 1084K, capacity 1170K, committed 1280K, reserved 1048576K
}
Event: 4.941 GC heap before
{Heap before GC invocations=34 (full 0):
 garbage-first heap   total 75776K, used 34452K [0x0000000082600000, 0x0000000100000000)
  region size 1024K, 4 young (4096K), 1 survivors (1024K)
 Metaspace       used 10435K, capacity 10600K, committed 10752K, reserved 1058816K
  class space    used 1084K, capacity 1170K, committed 1280K, reserved 1048576K
}
Event: 4.942 GC heap after
{Heap after GC invocations=35 (full 0):
 garbage-first heap   total 91136K, used 24238K [0x0000000082600000, 0x0000000100000000)
  region size 1024K, 1 young (1024K), 1 survivors (1024K)
 Metaspace       used 10435K, capacity 10600K, committed 10752K, reserved 1058816K
  class space    used 1084K, capacity 1170K, committed 1280K, reserved 1048576K
}
Event: 4.981 GC heap before
{Heap before GC invocations=36 (full 0):
 garbage-first heap   total 91136K, used 36526K [0x0000000082600000, 0x0000000100000000)
  region size 1024K, 4 young (4096K), 1 survivors (1024K)
 Metaspace       used 10440K, capacity 10600K, committed 10752K, reserved 1058816K
  class space    used 1084K, capacity 1170K, committed 1280K, reserved 1048576K
}
Event: 4.981 GC heap after
{Heap after GC invocations=37 (full 0):
 garbage-first heap   total 91136K, used 24240K [0x0000000082600000, 0x0000000100000000)
  region size 1024K, 1 young (1024K), 1 survivors (1024K)
 Metaspace       used 10440K, capacity 10600K, committed 10752K, reserved 1058816K
  class space    used 1084K, capacity 1170K, committed 1280K, reserved 1048576K
}
Event: 5.056 GC heap before
{Heap before GC invocations=38 (full 0):
 garbage-first heap   total 91136K, used 40624K [0x0000000082600000, 0x0000000100000000)
  region size 1024K, 4 young (4096K), 1 survivors (1024K)
 Metaspace       used 10441K, capacity 10600K, committed 10752K, reserved 1058816K
  class space    used 1084K, capacity 1170K, committed 1280K, reserved 1048576K
}
Event: 5.057 GC heap after
{Heap after GC invocations=39 (full 0):
 garbage-first heap   total 91136K, used 20153K [0x0000000082600000, 0x0000000100000000)
  region size 1024K, 1 young (1024K), 1 survivors (1024K)
 Metaspace       used 10441K, capacity 10600K, committed 10752K, reserved 1058816K
  class space    used 1084K, capacity 1170K, committed 1280K, reserved 1048576K
}
Event: 5.153 GC heap before
{Heap before GC invocations=40 (full 0):
 garbage-first heap   total 91136K, used 41657K [0x0000000082600000, 0x0000000100000000)
  region size 1024K, 5 young (5120K), 1 survivors (1024K)
 Metaspace       used 10453K, capacity 10664K, committed 11008K, reserved 1058816K
  class space    used 1084K, capacity 1170K, committed 1280K, reserved 1048576K
}
Event: 5.154 GC heap after
{Heap after GC invocations=41 (full 0):
 garbage-first heap   total 91136K, used 30399K [0x0000000082600000, 0x0000000100000000)
  region size 1024K, 1 young (1024K), 1 survivors (1024K)
 Metaspace       used 10453K, capacity 10664K, committed 11008K, reserved 1058816K
  class space    used 1084K, capacity 1170K, committed 1280K, reserved 1048576K
}
Event: 5.166 GC heap before
{Heap before GC invocations=42 (full 0):
 garbage-first heap   total 91136K, used 35519K [0x0000000082600000, 0x0000000100000000)
  region size 1024K, 3 young (3072K), 1 survivors (1024K)
 Metaspace       used 10453K, capacity 10664K, committed 11008K, reserved 1058816K
  class space    used 1084K, capacity 1170K, committed 1280K, reserved 1048576K
}
Event: 5.167 GC heap after
{Heap after GC invocations=43 (full 0):
 garbage-first heap   total 109568K, used 16061K [0x0000000082600000, 0x0000000100000000)
  region size 1024K, 1 young (1024K), 1 survivors (1024K)
 Metaspace       used 10453K, capacity 10664K, committed 11008K, reserved 1058816K
  class space    used 1084K, capacity 1170K, committed 1280K, reserved 1048576K
}
Event: 5.242 GC heap before
{Heap before GC invocations=44 (full 0):
 garbage-first heap   total 92160K, used 37565K [0x0000000082600000, 0x0000000100000000)
  region size 1024K, 5 young (5120K), 1 survivors (1024K)
 Metaspace       used 10457K, capacity 10664K, committed 11008K, reserved 1058816K
  class space    used 1084K, capacity 1170K, committed 1280K, reserved 1048576K
}
Event: 5.242 GC heap after
{Heap after GC invocations=45 (full 0):
 garbage-first heap   total 92160K, used 24257K [0x0000000082600000, 0x0000000100000000)
  region size 1024K, 1 young (1024K), 1 survivors (1024K)
 Metaspace       used 10457K, capacity 10664K, committed 11008K, reserved 1058816K
  class space    used 1084K, capacity 1170K, committed 1280K, reserved 1048576K
}
Event: 5.320 GC heap before
{Heap before GC invocations=46 (full 0):
 garbage-first heap   total 92160K, used 40641K [0x0000000082600000, 0x0000000100000000)
  region size 1024K, 4 young (4096K), 1 survivors (1024K)
 Metaspace       used 10457K, capacity 10664K, committed 11008K, reserved 1058816K
  class space    used 1084K, capacity 1170K, committed 1280K, reserved 1048576K
}
Event: 5.320 GC heap after
{Heap after GC invocations=47 (full 0):
 garbage-first heap   total 92160K, used 20168K [0x0000000082600000, 0x0000000100000000)
  region size 1024K, 1 young (1024K), 1 survivors (1024K)
 Metaspace       used 10457K, capacity 10664K, committed 11008K, reserved 1058816K
  class space    used 1084K, capacity 1170K, committed 1280K, reserved 1048576K
}
Event: 5.402 GC heap before
{Heap before GC invocations=48 (full 0):
 garbage-first heap   total 92160K, used 40648K [0x0000000082600000, 0x0000000100000000)
  region size 1024K, 4 young (4096K), 1 survivors (1024K)
 Metaspace       used 10472K, capacity 10664K, committed 11008K, reserved 1058816K
  class space    used 1086K, capacity 1170K, committed 1280K, reserved 1048576K
}
Event: 5.402 GC heap after
{Heap after GC invocations=49 (full 0):
 garbage-first heap   total 92160K, used 30415K [0x0000000082600000, 0x0000000100000000)
  region size 1024K, 1 young (1024K), 1 survivors (1024K)
 Metaspace       used 10472K, capacity 10664K, committed 11008K, reserved 1058816K
  class space    used 1086K, capacity 1170K, committed 1280K, reserved 1048576K
}

