# JRE version: Java(TM) SE Runtime Environment (15.0.2+7) (build 15.0.2+7-27)
# Java VM: Java HotSpot(TM) 64-Bit Server VM (15.0.2+7-27, mixed mode, sharing, tiered, compressed oops, g1 gc, windows-amd64)
GC Precious Log:
 CPUs: 8 total, 8 available
 Memory: 8033M
 Large Page Support: Disabled
 NUMA Support: Disabled
 Compressed Oops: Enabled (32-bit)
 Heap Region Size: 1M
 Heap Min Capacity: 8M
 Heap Initial Capacity: 126M
 Heap Max Capacity: 2010M
 Pre-touch: Disabled
 Parallel Workers: 8
 Concurrent Workers: 2
 Concurrent Refinement Workers: 8
 Periodic GC: Disabled
Heap:
 garbage-first heap   total 75776K, used 27288K [0x0000000082600000, 0x0000000100000000)
  region size 1024K, 5 young (5120K), 1 survivors (1024K)
 Metaspace       used 10458K, capacity 10660K, committed 11008K, reserved 1058816K
  class space    used 1093K, capacity 1170K, committed 1280K, reserved 1048576K
GC Heap History (20 events):
Event: 4.313 GC heap before
{Heap before GC invocations=8 (full 0):
 garbage-first heap   total 75776K, used 34438K [0x0000000082600000, 0x0000000100000000)
  region size 1024K, 4 young (4096K), 1 survivors (1024K)
 Metaspace       used 10425K, capacity 10596K, committed 10752K, reserved 1058816K
  class space    used 1091K, capacity 1170K, committed 1280K, reserved 1048576K
}
Event: 4.314 GC heap after
{Heap after GC invocations=9 (full 0):
 garbage-first heap   total 75776K, used 24189K [0x0000000082600000, 0x0000000100000000)
  region size 1024K, 1 young (1024K), 1 survivors (1024K)
 Metaspace       used 10425K, capacity 10596K, committed 10752K, reserved 1058816K
  class space    used 1091K, capacity 1170K, committed 1280K, reserved 1048576K
}
Event: 4.334 GC heap before
{Heap before GC invocations=10 (full 0):
 garbage-first heap   total 75776K, used 31357K [0x0000000082600000, 0x0000000100000000)
  region size 1024K, 3 young (3072K), 1 survivors (1024K)
 Metaspace       used 10426K, capacity 10596K, committed 10752K, reserved 1058816K
  class space    used 1091K, capacity 1170K, committed 1280K, reserved 1048576K
}
Event: 4.335 GC heap after
{Heap after GC invocations=11 (full 0):
 garbage-first heap   total 75776K, used 20093K [0x0000000082600000, 0x0000000100000000)
  region size 1024K, 1 young (1024K), 1 survivors (1024K)
 Metaspace       used 10426K, capacity 10596K, committed 10752K, reserved 1058816K
  class space    used 1091K, capacity 1170K, committed 1280K, reserved 1048576K
}
Event: 4.415 GC heap before
{Heap before GC invocations=12 (full 0):
 garbage-first heap   total 75776K, used 34429K [0x0000000082600000, 0x0000000100000000)
  region size 1024K, 4 young (4096K), 1 survivors (1024K)
 Metaspace       used 10440K, capacity 10596K, committed 10752K, reserved 1058816K
  class space    used 1091K, capacity 1170K, committed 1280K, reserved 1048576K
}
Event: 4.415 GC heap after
{Heap after GC invocations=13 (full 0):
 garbage-first heap   total 75776K, used 24210K [0x0000000082600000, 0x0000000100000000)
  region size 1024K, 1 young (1024K), 1 survivors (1024K)
 Metaspace       used 10440K, capacity 10596K, committed 10752K, reserved 1058816K
  class space    used 1091K, capacity 1170K, committed 1280K, reserved 1048576K
}
Event: 4.440 GC heap before
{Heap before GC invocations=14 (full 0):
 garbage-first heap   total 75776K, used 31378K [0x0000000082600000, 0x0000000100000000)
  region size 1024K, 3 young (3072K), 1 survivors (1024K)
 Metaspace       used 10440K, capacity 10596K, committed 10752K, reserved 1058816K
  class space    used 1091K, capacity 1170K, committed 1280K, reserved 1048576K
}
Event: 4.441 GC heap after
{Heap after GC invocations=15 (full 0):
 garbage-first heap   total 75776K, used 20116K [0x0000000082600000, 0x0000000100000000)
  region size 1024K, 1 young (1024K), 1 survivors (1024K)
 Metaspace       used 10440K, capacity 10596K, committed 10752K, reserved 1058816K
  class space    used 1091K, capacity 1170K, committed 1280K, reserved 1048576K
}
Event: 4.513 GC heap before
{Heap before GC invocations=16 (full 0):
 garbage-first heap   total 75776K, used 33428K [0x0000000082600000, 0x0000000100000000)
  region size 1024K, 3 young (3072K), 1 survivors (1024K)
 Metaspace       used 10442K, capacity 10596K, committed 10752K, reserved 1058816K
  class space    used 1091K, capacity 1170K, committed 1280K, reserved 1048576K
}
Event: 4.514 GC heap after
{Heap after GC invocations=17 (full 0):
 garbage-first heap   total 75776K, used 24212K [0x0000000082600000, 0x0000000100000000)
  region size 1024K, 1 young (1024K), 1 survivors (1024K)
 Metaspace       used 10442K, capacity 10596K, committed 10752K, reserved 1058816K
  class space    used 1091K, capacity 1170K, committed 1280K, reserved 1048576K
}
Event: 4.535 GC heap before
{Heap before GC invocations=18 (full 0):
 garbage-first heap   total 75776K, used 31380K [0x0000000082600000, 0x0000000100000000)
  region size 1024K, 3 young (3072K), 1 survivors (1024K)
 Metaspace       used 10442K, capacity 10596K, committed 10752K, reserved 1058816K
  class space    used 1091K, capacity 1170K, committed 1280K, reserved 1048576K
}
Event: 4.536 GC heap after
{Heap after GC invocations=19 (full 0):
 garbage-first heap   total 75776K, used 20116K [0x0000000082600000, 0x0000000100000000)
  region size 1024K, 1 young (1024K), 1 survivors (1024K)
 Metaspace       used 10442K, capacity 10596K, committed 10752K, reserved 1058816K
  class space    used 1091K, capacity 1170K, committed 1280K, reserved 1048576K
}
Event: 4.608 GC heap before
{Heap before GC invocations=20 (full 0):
 garbage-first heap   total 75776K, used 34452K [0x0000000082600000, 0x0000000100000000)
  region size 1024K, 4 young (4096K), 1 survivors (1024K)
 Metaspace       used 10442K, capacity 10596K, committed 10752K, reserved 1058816K
  class space    used 1091K, capacity 1170K, committed 1280K, reserved 1048576K
}
Event: 4.609 GC heap after
{Heap after GC invocations=21 (full 0):
 garbage-first heap   total 75776K, used 24212K [0x0000000082600000, 0x0000000100000000)
  region size 1024K, 1 young (1024K), 1 survivors (1024K)
 Metaspace       used 10442K, capacity 10596K, committed 10752K, reserved 1058816K
  class space    used 1091K, capacity 1170K, committed 1280K, reserved 1048576K
}
Event: 4.628 GC heap before
{Heap before GC invocations=22 (full 0):
 garbage-first heap   total 75776K, used 31380K [0x0000000082600000, 0x0000000100000000)
  region size 1024K, 3 young (3072K), 1 survivors (1024K)
 Metaspace       used 10442K, capacity 10596K, committed 10752K, reserved 1058816K
  class space    used 1091K, capacity 1170K, committed 1280K, reserved 1048576K
}
Event: 4.629 GC heap after
{Heap after GC invocations=23 (full 0):
 garbage-first heap   total 75776K, used 20118K [0x0000000082600000, 0x0000000100000000)
  region size 1024K, 1 young (1024K), 1 survivors (1024K)
 Metaspace       used 10442K, capacity 10596K, committed 10752K, reserved 1058816K
  class space    used 1091K, capacity 1170K, committed 1280K, reserved 1048576K
}
Event: 4.689 GC heap before
{Heap before GC invocations=24 (full 0):
 garbage-first heap   total 75776K, used 34454K [0x0000000082600000, 0x0000000100000000)
  region size 1024K, 4 young (4096K), 1 survivors (1024K)
 Metaspace       used 10457K, capacity 10660K, committed 11008K, reserved 1058816K
  class space    used 1093K, capacity 1170K, committed 1280K, reserved 1048576K
}
Event: 4.690 GC heap after
{Heap after GC invocations=25 (full 0):
 garbage-first heap   total 75776K, used 24216K [0x0000000082600000, 0x0000000100000000)
  region size 1024K, 1 young (1024K), 1 survivors (1024K)
 Metaspace       used 10457K, capacity 10660K, committed 11008K, reserved 1058816K
  class space    used 1093K, capacity 1170K, committed 1280K, reserved 1048576K
}
Event: 4.708 GC heap before
{Heap before GC invocations=26 (full 0):
 garbage-first heap   total 75776K, used 30360K [0x0000000082600000, 0x0000000100000000)
  region size 1024K, 2 young (2048K), 1 survivors (1024K)
 Metaspace       used 10457K, capacity 10660K, committed 11008K, reserved 1058816K
  class space    used 1093K, capacity 1170K, committed 1280K, reserved 1048576K
}
Event: 4.709 GC heap after
{Heap after GC invocations=27 (full 0):
 garbage-first heap   total 75776K, used 20120K [0x0000000082600000, 0x0000000100000000)
  region size 1024K, 1 young (1024K), 1 survivors (1024K)
 Metaspace       used 10457K, capacity 10660K, committed 11008K, reserved 1058816K
  class space    used 1093K, capacity 1170K, committed 1280K, reserved 1048576K
}

