# JRE version: Java(TM) SE Runtime Environment (15.0.2+7) (build 15.0.2+7-27)
# Java VM: Java HotSpot(TM) 64-Bit Server VM (15.0.2+7-27, mixed mode, sharing, tiered, compressed oops, g1 gc, windows-amd64)
GC Precious Log:
 CPUs: 8 total, 8 available
 Memory: 8033M
 Large Page Support: Disabled
 NUMA Support: Disabled
 Compressed Oops: Enabled (32-bit)
 Heap Region Size: 1M
 Heap Min Capacity: 8M
 Heap Initial Capacity: 126M
 Heap Max Capacity: 2010M
 Pre-touch: Disabled
 Parallel Workers: 8
 Concurrent Workers: 2
 Concurrent Refinement Workers: 8
 Periodic GC: Disabled
Heap:
 garbage-first heap   total 107520K, used 48848K [0x0000000082600000, 0x0000000100000000)
  region size 1024K, 8 young (8192K), 1 survivors (1024K)
 Metaspace       used 10581K, capacity 10736K, committed 11008K, reserved 1058816K
  class space    used 1095K, capacity 1170K, committed 1280K, reserved 1048576K
GC Heap History (20 events):
Event: 7.407 GC heap before
{Heap before GC invocations=32 (full 0):
 garbage-first heap   total 91136K, used 41610K [0x0000000082600000, 0x0000000100000000)
  region size 1024K, 5 young (5120K), 1 survivors (1024K)
 Metaspace       used 10530K, capacity 10736K, committed 11008K, reserved 1058816K
  class space    used 1093K, capacity 1170K, committed 1280K, reserved 1048576K
}
Event: 7.407 GC heap after
{Heap after GC invocations=33 (full 0):
 garbage-first heap   total 91136K, used 20114K [0x0000000082600000, 0x0000000100000000)
  region size 1024K, 1 young (1024K), 1 survivors (1024K)
 Metaspace       used 10530K, capacity 10736K, committed 11008K, reserved 1058816K
  class space    used 1093K, capacity 1170K, committed 1280K, reserved 1048576K
}
Event: 7.486 GC heap before
{Heap before GC invocations=34 (full 0):
 garbage-first heap   total 89088K, used 41618K [0x0000000082600000, 0x0000000100000000)
  region size 1024K, 5 young (5120K), 1 survivors (1024K)
 Metaspace       used 10532K, capacity 10736K, committed 11008K, reserved 1058816K
  class space    used 1093K, capacity 1170K, committed 1280K, reserved 1048576K
}
Event: 7.487 GC heap after
{Heap after GC invocations=35 (full 0):
 garbage-first heap   total 89088K, used 30363K [0x0000000082600000, 0x0000000100000000)
  region size 1024K, 1 young (1024K), 1 survivors (1024K)
 Metaspace       used 10532K, capacity 10736K, committed 11008K, reserved 1058816K
  class space    used 1093K, capacity 1170K, committed 1280K, reserved 1048576K
}
Event: 7.571 GC heap before
{Heap before GC invocations=36 (full 0):
 garbage-first heap   total 89088K, used 45723K [0x0000000082600000, 0x0000000100000000)
  region size 1024K, 5 young (5120K), 1 survivors (1024K)
 Metaspace       used 10542K, capacity 10736K, committed 11008K, reserved 1058816K
  class space    used 1093K, capacity 1170K, committed 1280K, reserved 1048576K
}
Event: 7.572 GC heap after
{Heap after GC invocations=37 (full 0):
 garbage-first heap   total 107520K, used 24219K [0x0000000082600000, 0x0000000100000000)
  region size 1024K, 1 young (1024K), 1 survivors (1024K)
 Metaspace       used 10542K, capacity 10736K, committed 11008K, reserved 1058816K
  class space    used 1093K, capacity 1170K, committed 1280K, reserved 1048576K
}
Event: 7.683 GC heap before
{Heap before GC invocations=38 (full 0):
 garbage-first heap   total 107520K, used 45723K [0x0000000082600000, 0x0000000100000000)
  region size 1024K, 5 young (5120K), 1 survivors (1024K)
 Metaspace       used 10545K, capacity 10736K, committed 11008K, reserved 1058816K
  class space    used 1093K, capacity 1170K, committed 1280K, reserved 1048576K
}
Event: 7.683 GC heap after
{Heap after GC invocations=39 (full 0):
 garbage-first heap   total 107520K, used 32441K [0x0000000082600000, 0x0000000100000000)
  region size 1024K, 1 young (1024K), 1 survivors (1024K)
 Metaspace       used 10545K, capacity 10736K, committed 11008K, reserved 1058816K
  class space    used 1093K, capacity 1170K, committed 1280K, reserved 1048576K
}
Event: 7.715 GC heap before
{Heap before GC invocations=40 (full 0):
 garbage-first heap   total 107520K, used 43705K [0x0000000082600000, 0x0000000100000000)
  region size 1024K, 3 young (3072K), 1 survivors (1024K)
 Metaspace       used 10551K, capacity 10736K, committed 11008K, reserved 1058816K
  class space    used 1093K, capacity 1170K, committed 1280K, reserved 1048576K
}
Event: 7.716 GC heap after
{Heap after GC invocations=41 (full 0):
 garbage-first heap   total 107520K, used 24252K [0x0000000082600000, 0x0000000100000000)
  region size 1024K, 1 young (1024K), 1 survivors (1024K)
 Metaspace       used 10551K, capacity 10736K, committed 11008K, reserved 1058816K
  class space    used 1093K, capacity 1170K, committed 1280K, reserved 1048576K
}
Event: 7.808 GC heap before
{Heap before GC invocations=42 (full 0):
 garbage-first heap   total 107520K, used 45756K [0x0000000082600000, 0x0000000100000000)
  region size 1024K, 5 young (5120K), 1 survivors (1024K)
 Metaspace       used 10553K, capacity 10736K, committed 11008K, reserved 1058816K
  class space    used 1093K, capacity 1170K, committed 1280K, reserved 1048576K
}
Event: 7.809 GC heap after
{Heap after GC invocations=43 (full 0):
 garbage-first heap   total 107520K, used 24258K [0x0000000082600000, 0x0000000100000000)
  region size 1024K, 1 young (1024K), 1 survivors (1024K)
 Metaspace       used 10553K, capacity 10736K, committed 11008K, reserved 1058816K
  class space    used 1093K, capacity 1170K, committed 1280K, reserved 1048576K
}
Event: 7.886 GC heap before
{Heap before GC invocations=44 (full 0):
 garbage-first heap   total 107520K, used 45762K [0x0000000082600000, 0x0000000100000000)
  region size 1024K, 5 young (5120K), 1 survivors (1024K)
 Metaspace       used 10558K, capacity 10736K, committed 11008K, reserved 1058816K
  class space    used 1093K, capacity 1170K, committed 1280K, reserved 1048576K
}
Event: 7.887 GC heap after
{Heap after GC invocations=45 (full 0):
 garbage-first heap   total 107520K, used 24257K [0x0000000082600000, 0x0000000100000000)
  region size 1024K, 1 young (1024K), 1 survivors (1024K)
 Metaspace       used 10558K, capacity 10736K, committed 11008K, reserved 1058816K
  class space    used 1093K, capacity 1170K, committed 1280K, reserved 1048576K
}
Event: 7.966 GC heap before
{Heap before GC invocations=46 (full 0):
 garbage-first heap   total 107520K, used 45761K [0x0000000082600000, 0x0000000100000000)
  region size 1024K, 5 young (5120K), 1 survivors (1024K)
 Metaspace       used 10558K, capacity 10736K, committed 11008K, reserved 1058816K
  class space    used 1093K, capacity 1170K, committed 1280K, reserved 1048576K
}
Event: 7.966 GC heap after
{Heap after GC invocations=47 (full 0):
 garbage-first heap   total 107520K, used 24261K [0x0000000082600000, 0x0000000100000000)
  region size 1024K, 1 young (1024K), 1 survivors (1024K)
 Metaspace       used 10558K, capacity 10736K, committed 11008K, reserved 1058816K
  class space    used 1093K, capacity 1170K, committed 1280K, reserved 1048576K
}
Event: 8.045 GC heap before
{Heap before GC invocations=48 (full 0):
 garbage-first heap   total 107520K, used 45765K [0x0000000082600000, 0x0000000100000000)
  region size 1024K, 5 young (5120K), 1 survivors (1024K)
 Metaspace       used 10577K, capacity 10736K, committed 11008K, reserved 1058816K
  class space    used 1095K, capacity 1170K, committed 1280K, reserved 1048576K
}
Event: 8.046 GC heap after
{Heap after GC invocations=49 (full 0):
 garbage-first heap   total 107520K, used 24265K [0x0000000082600000, 0x0000000100000000)
  region size 1024K, 1 young (1024K), 1 survivors (1024K)
 Metaspace       used 10577K, capacity 10736K, committed 11008K, reserved 1058816K
  class space    used 1095K, capacity 1170K, committed 1280K, reserved 1048576K
}
Event: 8.140 GC heap before
{Heap before GC invocations=50 (full 0):
 garbage-first heap   total 107520K, used 45769K [0x0000000082600000, 0x0000000100000000)
  region size 1024K, 5 young (5120K), 1 survivors (1024K)
 Metaspace       used 10578K, capacity 10736K, committed 11008K, reserved 1058816K
  class space    used 1095K, capacity 1170K, committed 1280K, reserved 1048576K
}
Event: 8.141 GC heap after
{Heap after GC invocations=51 (full 0):
 garbage-first heap   total 107520K, used 24272K [0x0000000082600000, 0x0000000100000000)
  region size 1024K, 1 young (1024K), 1 survivors (1024K)
 Metaspace       used 10578K, capacity 10736K, committed 11008K, reserved 1058816K
  class space    used 1095K, capacity 1170K, committed 1280K, reserved 1048576K
}

