# JRE version: Java(TM) SE Runtime Environment (15.0.2+7) (build 15.0.2+7-27)
# Java VM: Java HotSpot(TM) 64-Bit Server VM (15.0.2+7-27, mixed mode, sharing, tiered, compressed oops, g1 gc, windows-amd64)
GC Precious Log:
 CPUs: 8 total, 8 available
 Memory: 8033M
 Large Page Support: Disabled
 NUMA Support: Disabled
 Compressed Oops: Enabled (32-bit)
 Heap Region Size: 1M
 Heap Min Capacity: 8M
 Heap Initial Capacity: 126M
 Heap Max Capacity: 2010M
 Pre-touch: Disabled
 Parallel Workers: 8
 Concurrent Workers: 2
 Concurrent Refinement Workers: 8
 Periodic GC: Disabled
Heap:
 garbage-first heap   total 143360K, used 89063K [0x0000000082600000, 0x0000000100000000)
  region size 1024K, 11 young (11264K), 1 survivors (1024K)
 Metaspace       used 10553K, capacity 10724K, committed 11008K, reserved 1058816K
  class space    used 1086K, capacity 1170K, committed 1280K, reserved 1048576K
GC Heap History (20 events):
Event: 13.113 GC heap before
{Heap before GC invocations=110 (full 0):
 garbage-first heap   total 153600K, used 64450K [0x0000000082600000, 0x0000000100000000)
  region size 1024K, 5 young (5120K), 1 survivors (1024K)
 Metaspace       used 10517K, capacity 10724K, committed 11008K, reserved 1058816K
  class space    used 1084K, capacity 1170K, committed 1280K, reserved 1048576K
}
Event: 13.114 GC heap after
{Heap after GC invocations=111 (full 0):
 garbage-first heap   total 153600K, used 42955K [0x0000000082600000, 0x0000000100000000)
  region size 1024K, 1 young (1024K), 1 survivors (1024K)
 Metaspace       used 10517K, capacity 10724K, committed 11008K, reserved 1058816K
  class space    used 1084K, capacity 1170K, committed 1280K, reserved 1048576K
}
Event: 13.191 GC heap before
{Heap before GC invocations=112 (full 0):
 garbage-first heap   total 153600K, used 64459K [0x0000000082600000, 0x0000000100000000)
  region size 1024K, 5 young (5120K), 1 survivors (1024K)
 Metaspace       used 10519K, capacity 10724K, committed 11008K, reserved 1058816K
  class space    used 1084K, capacity 1170K, committed 1280K, reserved 1048576K
}
Event: 13.192 GC heap after
{Heap after GC invocations=113 (full 0):
 garbage-first heap   total 153600K, used 24519K [0x0000000082600000, 0x0000000100000000)
  region size 1024K, 1 young (1024K), 1 survivors (1024K)
 Metaspace       used 10519K, capacity 10724K, committed 11008K, reserved 1058816K
  class space    used 1084K, capacity 1170K, committed 1280K, reserved 1048576K
}
Event: 13.306 GC heap before
{Heap before GC invocations=114 (full 0):
 garbage-first heap   total 137216K, used 55239K [0x0000000082600000, 0x0000000100000000)
  region size 1024K, 6 young (6144K), 1 survivors (1024K)
 Metaspace       used 10519K, capacity 10724K, committed 11008K, reserved 1058816K
  class space    used 1084K, capacity 1170K, committed 1280K, reserved 1048576K
}
Event: 13.307 GC heap after
{Heap after GC invocations=115 (full 0):
 garbage-first heap   total 137216K, used 32721K [0x0000000082600000, 0x0000000100000000)
  region size 1024K, 1 young (1024K), 1 survivors (1024K)
 Metaspace       used 10519K, capacity 10724K, committed 11008K, reserved 1058816K
  class space    used 1084K, capacity 1170K, committed 1280K, reserved 1048576K
}
Event: 13.387 GC heap before
{Heap before GC invocations=116 (full 0):
 garbage-first heap   total 137216K, used 53201K [0x0000000082600000, 0x0000000100000000)
  region size 1024K, 4 young (4096K), 1 survivors (1024K)
 Metaspace       used 10519K, capacity 10724K, committed 11008K, reserved 1058816K
  class space    used 1084K, capacity 1170K, committed 1280K, reserved 1048576K
}
Event: 13.388 GC heap after
{Heap after GC invocations=117 (full 0):
 garbage-first heap   total 137216K, used 32726K [0x0000000082600000, 0x0000000100000000)
  region size 1024K, 1 young (1024K), 1 survivors (1024K)
 Metaspace       used 10519K, capacity 10724K, committed 11008K, reserved 1058816K
  class space    used 1084K, capacity 1170K, committed 1280K, reserved 1048576K
}
Event: 13.466 GC heap before
{Heap before GC invocations=118 (full 0):
 garbage-first heap   total 137216K, used 53206K [0x0000000082600000, 0x0000000100000000)
  region size 1024K, 4 young (4096K), 1 survivors (1024K)
 Metaspace       used 10520K, capacity 10724K, committed 11008K, reserved 1058816K
  class space    used 1084K, capacity 1170K, committed 1280K, reserved 1048576K
}
Event: 13.466 GC heap after
{Heap after GC invocations=119 (full 0):
 garbage-first heap   total 137216K, used 32728K [0x0000000082600000, 0x0000000100000000)
  region size 1024K, 1 young (1024K), 1 survivors (1024K)
 Metaspace       used 10520K, capacity 10724K, committed 11008K, reserved 1058816K
  class space    used 1084K, capacity 1170K, committed 1280K, reserved 1048576K
}
Event: 13.559 GC heap before
{Heap before GC invocations=120 (full 0):
 garbage-first heap   total 137216K, used 53208K [0x0000000082600000, 0x0000000100000000)
  region size 1024K, 4 young (4096K), 1 survivors (1024K)
 Metaspace       used 10521K, capacity 10724K, committed 11008K, reserved 1058816K
  class space    used 1084K, capacity 1170K, committed 1280K, reserved 1048576K
}
Event: 13.560 GC heap after
{Heap after GC invocations=121 (full 0):
 garbage-first heap   total 137216K, used 32727K [0x0000000082600000, 0x0000000100000000)
  region size 1024K, 1 young (1024K), 1 survivors (1024K)
 Metaspace       used 10521K, capacity 10724K, committed 11008K, reserved 1058816K
  class space    used 1084K, capacity 1170K, committed 1280K, reserved 1048576K
}
Event: 13.648 GC heap before
{Heap before GC invocations=122 (full 0):
 garbage-first heap   total 137216K, used 53207K [0x0000000082600000, 0x0000000100000000)
  region size 1024K, 4 young (4096K), 1 survivors (1024K)
 Metaspace       used 10526K, capacity 10724K, committed 11008K, reserved 1058816K
  class space    used 1084K, capacity 1170K, committed 1280K, reserved 1048576K
}
Event: 13.649 GC heap after
{Heap after GC invocations=123 (full 0):
 garbage-first heap   total 137216K, used 32733K [0x0000000082600000, 0x0000000100000000)
  region size 1024K, 1 young (1024K), 1 survivors (1024K)
 Metaspace       used 10526K, capacity 10724K, committed 11008K, reserved 1058816K
  class space    used 1084K, capacity 1170K, committed 1280K, reserved 1048576K
}
Event: 13.732 GC heap before
{Heap before GC invocations=124 (full 0):
 garbage-first heap   total 137216K, used 53213K [0x0000000082600000, 0x0000000100000000)
  region size 1024K, 4 young (4096K), 1 survivors (1024K)
 Metaspace       used 10526K, capacity 10724K, committed 11008K, reserved 1058816K
  class space    used 1084K, capacity 1170K, committed 1280K, reserved 1048576K
}
Event: 13.733 GC heap after
{Heap after GC invocations=125 (full 0):
 garbage-first heap   total 164864K, used 32734K [0x0000000082600000, 0x0000000100000000)
  region size 1024K, 1 young (1024K), 1 survivors (1024K)
 Metaspace       used 10526K, capacity 10724K, committed 11008K, reserved 1058816K
  class space    used 1084K, capacity 1170K, committed 1280K, reserved 1048576K
}
Event: 13.845 GC heap before
{Heap before GC invocations=126 (full 0):
 garbage-first heap   total 163840K, used 65502K [0x0000000082600000, 0x0000000100000000)
  region size 1024K, 6 young (6144K), 1 survivors (1024K)
 Metaspace       used 10528K, capacity 10724K, committed 11008K, reserved 1058816K
  class space    used 1084K, capacity 1170K, committed 1280K, reserved 1048576K
}
Event: 13.845 GC heap after
{Heap after GC invocations=127 (full 0):
 garbage-first heap   total 163840K, used 42980K [0x0000000082600000, 0x0000000100000000)
  region size 1024K, 1 young (1024K), 1 survivors (1024K)
 Metaspace       used 10528K, capacity 10724K, committed 11008K, reserved 1058816K
  class space    used 1084K, capacity 1170K, committed 1280K, reserved 1048576K
}
Event: 13.924 GC heap before
{Heap before GC invocations=128 (full 0):
 garbage-first heap   total 163840K, used 64484K [0x0000000082600000, 0x0000000100000000)
  region size 1024K, 5 young (5120K), 1 survivors (1024K)
 Metaspace       used 10530K, capacity 10724K, committed 11008K, reserved 1058816K
  class space    used 1084K, capacity 1170K, committed 1280K, reserved 1048576K
}
Event: 13.925 GC heap after
{Heap after GC invocations=129 (full 0):
 garbage-first heap   total 163840K, used 24551K [0x0000000082600000, 0x0000000100000000)
  region size 1024K, 1 young (1024K), 1 survivors (1024K)
 Metaspace       used 10530K, capacity 10724K, committed 11008K, reserved 1058816K
  class space    used 1084K, capacity 1170K, committed 1280K, reserved 1048576K
}

